2023-09-02 22:41:28,635 [main] INFO c.n.m.BuyList [BuyList.java:24] - Item[name, amount] = [양파, 0]
2023-09-02 22:45:36,042 [main] INFO c.n.m.BuyList [BuyList.java:24] - Item[name, amount] = [양파, 0]
2023-09-02 22:47:28,664 [main] INFO c.n.m.BuyList [BuyList.java:27] - Item[name, amount] = [양파, 0]
2023-09-02 22:50:41,720 [main] INFO c.n.m.BuyList [BuyList.java:27] - Item[name, amount] = [양파, 0]
2023-09-02 22:58:38,666 [main] INFO c.n.m.BuyList [BuyList.java:24] - Item[name, amount] = [양파, 2]
2023-09-02 22:58:38,669 [main] INFO c.n.m.BuyList [BuyList.java:24] - Item[name, amount] = [계란, 2]
2023-09-02 22:58:38,669 [main] INFO c.n.m.BuyList [BuyList.java:24] - Item[name, amount] = [파, 4]
2023-09-03 08:56:28,139 [main] INFO c.n.m.BuyList [BuyList.java:24] - Item[name, amount] = [양파, 2]
2023-09-03 08:56:28,141 [main] INFO c.n.m.BuyList [BuyList.java:24] - Item[name, amount] = [계란, 2]
2023-09-03 08:56:28,141 [main] INFO c.n.m.BuyList [BuyList.java:24] - Item[name, amount] = [파, 4]
2023-09-03 08:59:01,826 [main] INFO c.n.m.BuyList [BuyList.java:24] - Item[name, amount] = [양파, 2]
2023-09-03 08:59:01,829 [main] INFO c.n.m.BuyList [BuyList.java:24] - Item[name, amount] = [계란, 2]
2023-09-03 08:59:01,829 [main] INFO c.n.m.BuyList [BuyList.java:24] - Item[name, amount] = [파, 4]
2023-09-03 09:06:27,750 [main] INFO c.n.m.BuyList [BuyList.java:24] - Item[name, amount] = [양파, 2]
2023-09-03 09:06:27,752 [main] INFO c.n.m.BuyList [BuyList.java:24] - Item[name, amount] = [계란, 2]
2023-09-03 09:06:27,752 [main] INFO c.n.m.BuyList [BuyList.java:24] - Item[name, amount] = [파, 4]
2023-09-03 09:08:48,546 [main] INFO c.n.m.BuyList [BuyList.java:24] - Item[name, amount] = [양파, 2]
2023-09-03 09:08:48,548 [main] INFO c.n.m.BuyList [BuyList.java:24] - Item[name, amount] = [계란, 2]
2023-09-03 09:08:48,548 [main] INFO c.n.m.BuyList [BuyList.java:24] - Item[name, amount] = [파, 4]
2023-09-03 09:09:14,275 [main] INFO c.n.m.BuyList [BuyList.java:24] - Item[name, amount] = [양파, 2]
2023-09-03 09:09:14,277 [main] INFO c.n.m.BuyList [BuyList.java:24] - Item[name, amount] = [계란, 2]
2023-09-03 09:09:14,278 [main] INFO c.n.m.BuyList [BuyList.java:24] - Item[name, amount] = [파, 4]
2023-09-03 09:10:43,497 [main] INFO c.n.m.BuyList [BuyList.java:24] - Item[name, amount] = [양파, 2]
2023-09-03 09:10:43,500 [main] INFO c.n.m.BuyList [BuyList.java:27] - items : [com.nhnacademy.mart.BuyList$Item@445b295b]
2023-09-03 09:10:43,500 [main] INFO c.n.m.BuyList [BuyList.java:24] - Item[name, amount] = [계란, 2]
2023-09-03 09:10:43,500 [main] INFO c.n.m.BuyList [BuyList.java:27] - items : [com.nhnacademy.mart.BuyList$Item@445b295b, com.nhnacademy.mart.BuyList$Item@49e5f737]
2023-09-03 09:10:43,500 [main] INFO c.n.m.BuyList [BuyList.java:24] - Item[name, amount] = [파, 4]
2023-09-03 09:10:43,500 [main] INFO c.n.m.BuyList [BuyList.java:27] - items : [com.nhnacademy.mart.BuyList$Item@445b295b, com.nhnacademy.mart.BuyList$Item@49e5f737, com.nhnacademy.mart.BuyList$Item@5c671d7f]
2023-09-03 09:19:34,558 [main] INFO c.n.m.BuyList [BuyList.java:24] - Item[name, amount] = [양파, 2]
2023-09-03 09:19:34,560 [main] INFO c.n.m.BuyList [BuyList.java:27] - items : [com.nhnacademy.mart.BuyList$Item@445b295b]
2023-09-03 09:19:34,560 [main] INFO c.n.m.BuyList [BuyList.java:24] - Item[name, amount] = [계란, 2]
2023-09-03 09:19:34,560 [main] INFO c.n.m.BuyList [BuyList.java:27] - items : [com.nhnacademy.mart.BuyList$Item@445b295b, com.nhnacademy.mart.BuyList$Item@49e5f737]
2023-09-03 09:19:34,560 [main] INFO c.n.m.BuyList [BuyList.java:24] - Item[name, amount] = [파, 4]
2023-09-03 09:19:34,561 [main] INFO c.n.m.BuyList [BuyList.java:27] - items : [com.nhnacademy.mart.BuyList$Item@445b295b, com.nhnacademy.mart.BuyList$Item@49e5f737, com.nhnacademy.mart.BuyList$Item@5c671d7f]
2023-09-03 09:25:43,417 [main] INFO c.n.m.BuyList [BuyList.java:24] - Item[name, amount] = [양파, 2]
2023-09-03 09:25:43,419 [main] INFO c.n.m.BuyList [BuyList.java:27] - items : [com.nhnacademy.mart.BuyList$Item@445b295b]
2023-09-03 09:25:43,420 [main] INFO c.n.m.BuyList [BuyList.java:24] - Item[name, amount] = [계란, 2]
2023-09-03 09:25:43,420 [main] INFO c.n.m.BuyList [BuyList.java:27] - items : [com.nhnacademy.mart.BuyList$Item@445b295b, com.nhnacademy.mart.BuyList$Item@49e5f737]
2023-09-03 09:25:43,420 [main] INFO c.n.m.BuyList [BuyList.java:24] - Item[name, amount] = [파, 4]
2023-09-03 09:25:43,420 [main] INFO c.n.m.BuyList [BuyList.java:27] - items : [com.nhnacademy.mart.BuyList$Item@445b295b, com.nhnacademy.mart.BuyList$Item@49e5f737, com.nhnacademy.mart.BuyList$Item@5c671d7f]
2023-09-03 09:25:43,420 [main] INFO c.n.m.Customer [Customer.java:27] - buyList : null
2023-09-03 09:27:02,665 [main] INFO c.n.m.BuyList [BuyList.java:24] - Item[name, amount] = [양파, 2]
2023-09-03 09:27:02,667 [main] INFO c.n.m.BuyList [BuyList.java:27] - items : [com.nhnacademy.mart.BuyList$Item@445b295b]
2023-09-03 09:27:02,668 [main] INFO c.n.m.BuyList [BuyList.java:24] - Item[name, amount] = [계란, 2]
2023-09-03 09:27:02,668 [main] INFO c.n.m.BuyList [BuyList.java:27] - items : [com.nhnacademy.mart.BuyList$Item@445b295b, com.nhnacademy.mart.BuyList$Item@49e5f737]
2023-09-03 09:27:02,668 [main] INFO c.n.m.BuyList [BuyList.java:24] - Item[name, amount] = [파, 4]
2023-09-03 09:27:02,668 [main] INFO c.n.m.BuyList [BuyList.java:27] - items : [com.nhnacademy.mart.BuyList$Item@445b295b, com.nhnacademy.mart.BuyList$Item@49e5f737, com.nhnacademy.mart.BuyList$Item@5c671d7f]
2023-09-03 09:27:02,668 [main] INFO c.n.m.Customer [Customer.java:27] - buyList : com.nhnacademy.mart.BuyList@e4487af
2023-09-03 09:30:25,284 [main] INFO c.n.m.BuyList [BuyList.java:24] - Item[name, amount] = [양파, 2]
2023-09-03 09:30:25,287 [main] INFO c.n.m.BuyList [BuyList.java:27] - items : [com.nhnacademy.mart.BuyList$Item@445b295b]
2023-09-03 09:30:25,287 [main] INFO c.n.m.BuyList [BuyList.java:24] - Item[name, amount] = [계란, 2]
2023-09-03 09:30:25,287 [main] INFO c.n.m.BuyList [BuyList.java:27] - items : [com.nhnacademy.mart.BuyList$Item@445b295b, com.nhnacademy.mart.BuyList$Item@49e5f737]
2023-09-03 09:30:25,287 [main] INFO c.n.m.BuyList [BuyList.java:24] - Item[name, amount] = [파, 4]
2023-09-03 09:30:25,287 [main] INFO c.n.m.BuyList [BuyList.java:27] - items : [com.nhnacademy.mart.BuyList$Item@445b295b, com.nhnacademy.mart.BuyList$Item@49e5f737, com.nhnacademy.mart.BuyList$Item@5c671d7f]
2023-09-03 09:30:25,287 [main] INFO c.n.m.Customer [Customer.java:29] - buyList : [com.nhnacademy.mart.BuyList$Item@445b295b, com.nhnacademy.mart.BuyList$Item@49e5f737, com.nhnacademy.mart.BuyList$Item@5c671d7f]
2023-09-03 09:30:25,287 [main] INFO c.n.m.Customer [Customer.java:33] - Item[name, count] = [양파, 2]
2023-09-03 09:30:25,288 [main] TRACE c.n.m.Customer [Customer.java:37] - pickFoodCollector : [com.nhnacademy.mart.Food@6aaceffd, com.nhnacademy.mart.Food@c86b9e3]
2023-09-03 09:30:25,288 [main] TRACE c.n.m.Customer [Customer.java:39] - pickFoodCollector : com.nhnacademy.mart.Food@6aaceffd
2023-09-03 09:30:25,288 [main] INFO c.n.m.Customer [Customer.java:33] - Item[name, count] = [계란, 2]
2023-09-03 09:30:25,288 [main] TRACE c.n.m.Customer [Customer.java:37] - pickFoodCollector : [com.nhnacademy.mart.Food@10aa41f2, com.nhnacademy.mart.Food@3af9c5b7, com.nhnacademy.mart.Food@37271612, com.nhnacademy.mart.Food@ed7f8b4, com.nhnacademy.mart.Food@4c309d4d]
2023-09-03 09:30:25,288 [main] TRACE c.n.m.Customer [Customer.java:39] - pickFoodCollector : com.nhnacademy.mart.Food@10aa41f2
2023-09-03 09:30:25,288 [main] INFO c.n.m.Customer [Customer.java:33] - Item[name, count] = [파, 4]
2023-09-03 09:30:25,288 [main] TRACE c.n.m.Customer [Customer.java:37] - pickFoodCollector : [com.nhnacademy.mart.Food@38102d01, com.nhnacademy.mart.Food@37883b97, com.nhnacademy.mart.Food@6ab778a, com.nhnacademy.mart.Food@4e3958e7, com.nhnacademy.mart.Food@77f80c04, com.nhnacademy.mart.Food@1dac5ef, com.nhnacademy.mart.Food@5c90e579, com.nhnacademy.mart.Food@58ea606c, com.nhnacademy.mart.Food@6f45df59, com.nhnacademy.mart.Food@38e79ae3]
2023-09-03 09:30:25,288 [main] TRACE c.n.m.Customer [Customer.java:39] - pickFoodCollector : com.nhnacademy.mart.Food@38102d01
2023-09-03 10:30:20,656 [main] INFO c.n.m.BuyList [BuyList.java:27] - Item[name, amount] = [양파, 2]
2023-09-03 10:30:20,659 [main] INFO c.n.m.BuyList [BuyList.java:27] - Item[name, amount] = [계란, 2]
2023-09-03 10:30:20,659 [main] INFO c.n.m.BuyList [BuyList.java:27] - Item[name, amount] = [파, 4]
2023-09-03 10:30:20,659 [main] INFO c.n.m.Customer [Customer.java:29] - buyList : [com.nhnacademy.mart.BuyList$Item@5c671d7f, com.nhnacademy.mart.BuyList$Item@757277dc, com.nhnacademy.mart.BuyList$Item@687e99d8]
2023-09-03 10:30:20,659 [main] INFO c.n.m.Customer [Customer.java:33] - Item[name, count] = [양파, 2]
2023-09-03 10:30:20,660 [main] INFO c.n.m.Customer [Customer.java:33] - Item[name, count] = [계란, 2]
2023-09-03 10:31:38,949 [main] INFO c.n.m.BuyList [BuyList.java:27] - Item[name, amount] = [양파, 2]
2023-09-03 10:31:38,952 [main] INFO c.n.m.BuyList [BuyList.java:27] - Item[name, amount] = [계란, 2]
2023-09-03 10:31:38,952 [main] INFO c.n.m.BuyList [BuyList.java:27] - Item[name, amount] = [파, 4]
2023-09-03 10:31:38,952 [main] INFO c.n.m.Customer [Customer.java:29] - buyList : [com.nhnacademy.mart.BuyList$Item@5c671d7f, com.nhnacademy.mart.BuyList$Item@757277dc, com.nhnacademy.mart.BuyList$Item@687e99d8]
2023-09-03 10:31:38,952 [main] INFO c.n.m.Customer [Customer.java:33] - Item[name, count] = [양파, 2]
2023-09-03 10:31:38,953 [main] INFO c.n.m.Customer [Customer.java:33] - Item[name, count] = [계란, 2]
2023-09-03 10:31:38,953 [main] INFO c.n.m.Customer [Customer.java:33] - Item[name, count] = [파, 4]
2023-09-03 10:31:38,953 [main] TRACE c.n.m.Customer [Customer.java:61] - Total Price : 14000
2023-09-03 10:31:38,954 [main] TRACE c.n.m.Counter [Counter.java:11] - 결제 후 잔액 : 6000
2023-09-03 10:39:34,108 [main] INFO c.n.m.BuyList [BuyList.java:27] - Item[name, amount] = [양파, 2]
2023-09-03 10:39:34,111 [main] INFO c.n.m.BuyList [BuyList.java:27] - Item[name, amount] = [계란, 2]
2023-09-03 10:39:34,111 [main] INFO c.n.m.BuyList [BuyList.java:27] - Item[name, amount] = [파, 4]
2023-09-03 20:41:14,294 [main] INFO c.n.m.BuyList [BuyList.java:27] - Item[name, amount] = [마늘, 2]
2023-09-03 20:41:14,297 [main] INFO c.n.m.BuyList [BuyList.java:27] - Item[name, amount] = [계란, 4]
2023-09-03 20:41:14,298 [main] INFO c.n.m.BuyList [BuyList.java:27] - Item[name, amount] = [파, 9]
2023-09-03 20:41:14,299 [main] INFO c.n.m.Customer [Customer.java:33] - buyList : [com.nhnacademy.mart.BuyList$Item@10a9d961, com.nhnacademy.mart.BuyList$Item@130e116b, com.nhnacademy.mart.BuyList$Item@e383572]
2023-09-03 20:41:14,300 [main] INFO c.n.m.Customer [Customer.java:37] - Item[name, count] = [마늘, 2]
2023-09-03 20:44:36,790 [main] INFO c.n.m.BuyList [BuyList.java:27] - Item[name, amount] = [마늘, 1]
2023-09-03 20:44:36,792 [main] INFO c.n.m.BuyList [BuyList.java:27] - Item[name, amount] = [계란, 4]
2023-09-03 20:44:36,793 [main] INFO c.n.m.BuyList [BuyList.java:27] - Item[name, amount] = [파, 9]
2023-09-03 20:44:36,793 [main] INFO c.n.m.Customer [Customer.java:33] - buyList : [com.nhnacademy.mart.BuyList$Item@67d18ed7, com.nhnacademy.mart.BuyList$Item@2c78d320, com.nhnacademy.mart.BuyList$Item@132e0cc]
2023-09-03 20:44:36,793 [main] INFO c.n.m.Customer [Customer.java:37] - Item[name, count] = [마늘, 1]
2023-09-03 20:44:51,876 [main] INFO c.n.m.BuyList [BuyList.java:27] - Item[name, amount] = [양파, 2]
2023-09-03 20:44:51,879 [main] INFO c.n.m.BuyList [BuyList.java:27] - Item[name, amount] = [계란, 4]
2023-09-03 20:44:51,879 [main] INFO c.n.m.BuyList [BuyList.java:27] - Item[name, amount] = [파, 9]
2023-09-03 20:44:51,879 [main] INFO c.n.m.Customer [Customer.java:33] - buyList : [com.nhnacademy.mart.BuyList$Item@67d18ed7, com.nhnacademy.mart.BuyList$Item@2c78d320, com.nhnacademy.mart.BuyList$Item@132e0cc]
2023-09-03 20:44:51,879 [main] INFO c.n.m.Customer [Customer.java:37] - Item[name, count] = [양파, 2]
2023-09-03 20:44:51,880 [main] INFO c.n.m.Customer [Customer.java:37] - Item[name, count] = [계란, 4]
2023-09-03 20:44:51,880 [main] INFO c.n.m.Customer [Customer.java:37] - Item[name, count] = [파, 9]
2023-09-03 20:51:04,797 [main] INFO c.n.m.BuyList [BuyList.java:30] - Item[name, amount] = [양파, 2]
2023-09-03 20:51:04,800 [main] INFO c.n.m.BuyList [BuyList.java:30] - Item[name, amount] = [계란, 2]
2023-09-03 21:10:34,899 [main] INFO c.n.m.BuyList [BuyList.java:30] - Item[name, amount] = [양파, 2]
2023-09-03 21:10:34,901 [main] INFO c.n.m.BuyList [BuyList.java:30] - Item[name, amount] = [계란, 2]
2023-09-03 21:10:34,915 [main] INFO c.n.m.BuyList [BuyList.java:30] - Item[name, amount] = [양파, 2]
2023-09-03 21:10:34,915 [main] INFO c.n.m.BuyList [BuyList.java:30] - Item[name, amount] = [계란, 4]
2023-09-03 21:10:34,915 [main] INFO c.n.m.BuyList [BuyList.java:30] - Item[name, amount] = [파, 9]
2023-09-03 21:10:34,916 [main] INFO c.n.m.Customer [Customer.java:33] - buyList : [com.nhnacademy.mart.BuyList$Item@765f05af, com.nhnacademy.mart.BuyList$Item@62f68dff, com.nhnacademy.mart.BuyList$Item@f001896]
2023-09-03 21:10:34,916 [main] INFO c.n.m.Customer [Customer.java:37] - Item[name, count] = [양파, 2]
2023-09-03 21:10:34,916 [main] INFO c.n.m.Customer [Customer.java:37] - Item[name, count] = [계란, 4]
2023-09-03 21:10:34,917 [main] INFO c.n.m.Customer [Customer.java:37] - Item[name, count] = [파, 9]
2023-09-03 21:33:40,413 [main] INFO c.n.m.BuyList [BuyList.java:30] - Item[name, amount] = [양파, 2]
2023-09-03 21:33:40,415 [main] INFO c.n.m.BuyList [BuyList.java:30] - Item[name, amount] = [계란, 2]
2023-09-03 21:33:40,429 [main] INFO c.n.m.BuyList [BuyList.java:30] - Item[name, amount] = [양파, 2]
2023-09-03 21:33:40,429 [main] INFO c.n.m.BuyList [BuyList.java:30] - Item[name, amount] = [계란, 4]
2023-09-03 21:33:40,429 [main] INFO c.n.m.BuyList [BuyList.java:30] - Item[name, amount] = [파, 9]
2023-09-03 21:33:40,430 [main] INFO c.n.m.Customer [Customer.java:33] - buyList : [com.nhnacademy.mart.BuyList$Item@765f05af, com.nhnacademy.mart.BuyList$Item@62f68dff, com.nhnacademy.mart.BuyList$Item@f001896]
2023-09-03 21:33:40,430 [main] INFO c.n.m.Customer [Customer.java:37] - Item[name, count] = [양파, 2]
2023-09-03 21:33:40,430 [main] INFO c.n.m.Customer [Customer.java:37] - Item[name, count] = [계란, 4]
2023-09-03 21:33:40,430 [main] INFO c.n.m.Customer [Customer.java:37] - Item[name, count] = [파, 9]
2023-09-03 21:41:48,145 [main] INFO c.n.m.BuyList [BuyList.java:30] - Item[name, amount] = [양파, 2]
2023-09-03 21:41:48,147 [main] INFO c.n.m.BuyList [BuyList.java:30] - Item[name, amount] = [계란, 2]
2023-09-03 21:41:48,163 [main] INFO c.n.m.BuyList [BuyList.java:30] - Item[name, amount] = [양파, 2]
2023-09-03 21:41:48,163 [main] INFO c.n.m.BuyList [BuyList.java:30] - Item[name, amount] = [계란, 4]
2023-09-03 21:41:48,163 [main] INFO c.n.m.BuyList [BuyList.java:30] - Item[name, amount] = [파, 9]
2023-09-03 21:41:48,164 [main] INFO c.n.m.Customer [Customer.java:33] - buyList : [com.nhnacademy.mart.BuyList$Item@765f05af, com.nhnacademy.mart.BuyList$Item@62f68dff, com.nhnacademy.mart.BuyList$Item@f001896]
2023-09-03 21:41:48,164 [main] INFO c.n.m.Customer [Customer.java:37] - Item[name, count] = [양파, 2]
2023-09-03 21:41:48,164 [main] INFO c.n.m.Customer [Customer.java:37] - Item[name, count] = [계란, 4]
2023-09-03 21:41:48,165 [main] INFO c.n.m.Customer [Customer.java:37] - Item[name, count] = [파, 9]
2023-09-03 21:52:54,808 [main] INFO c.n.m.BuyList [BuyList.java:30] - Item[name, amount] = [양파, 2]
2023-09-03 21:52:54,810 [main] INFO c.n.m.BuyList [BuyList.java:30] - Item[name, amount] = [계란, 2]
2023-09-03 21:52:54,825 [main] INFO c.n.m.BuyList [BuyList.java:30] - Item[name, amount] = [양파, 2]
2023-09-03 21:52:54,825 [main] INFO c.n.m.BuyList [BuyList.java:30] - Item[name, amount] = [계란, 4]
2023-09-03 21:52:54,825 [main] INFO c.n.m.BuyList [BuyList.java:30] - Item[name, amount] = [파, 9]
2023-09-03 21:52:54,825 [main] INFO c.n.m.Customer [Customer.java:33] - buyList : [com.nhnacademy.mart.BuyList$Item@765f05af, com.nhnacademy.mart.BuyList$Item@62f68dff, com.nhnacademy.mart.BuyList$Item@f001896]
2023-09-03 21:52:54,826 [main] INFO c.n.m.Customer [Customer.java:37] - Item[name, count] = [양파, 2]
2023-09-03 21:52:54,826 [main] INFO c.n.m.Customer [Customer.java:37] - Item[name, count] = [계란, 4]
2023-09-03 21:52:54,826 [main] INFO c.n.m.Customer [Customer.java:37] - Item[name, count] = [파, 9]
2023-09-03 22:05:33,161 [main] INFO c.n.m.BuyList [BuyList.java:30] - Item[name, amount] = [양파, 2]
2023-09-03 22:05:33,163 [main] INFO c.n.m.BuyList [BuyList.java:30] - Item[name, amount] = [계란, 2]
2023-09-03 22:05:33,176 [main] INFO c.n.m.BuyList [BuyList.java:30] - Item[name, amount] = [양파, 2]
2023-09-03 22:05:33,176 [main] INFO c.n.m.BuyList [BuyList.java:30] - Item[name, amount] = [계란, 4]
2023-09-03 22:05:33,176 [main] INFO c.n.m.BuyList [BuyList.java:30] - Item[name, amount] = [파, 9]
2023-09-03 22:05:33,177 [main] INFO c.n.m.Customer [Customer.java:33] - buyList : [com.nhnacademy.mart.BuyList$Item@765f05af, com.nhnacademy.mart.BuyList$Item@62f68dff, com.nhnacademy.mart.BuyList$Item@f001896]
2023-09-03 22:05:33,177 [main] INFO c.n.m.Customer [Customer.java:37] - Item[name, count] = [양파, 2]
2023-09-03 22:05:33,177 [main] INFO c.n.m.Customer [Customer.java:37] - Item[name, count] = [계란, 4]
2023-09-03 22:05:33,177 [main] INFO c.n.m.Customer [Customer.java:37] - Item[name, count] = [파, 9]
2023-09-03 22:09:15,931 [main] INFO c.n.m.BuyList [BuyList.java:30] - Item[name, amount] = [양파, 2]
2023-09-03 22:09:15,934 [main] INFO c.n.m.BuyList [BuyList.java:30] - Item[name, amount] = [계란, 2]
2023-09-03 22:09:15,934 [main] INFO c.n.m.BuyList [BuyList.java:30] - Item[name, amount] = [파, 4]
2023-09-03 22:09:15,934 [main] INFO c.n.m.Customer [Customer.java:33] - buyList : [com.nhnacademy.mart.BuyList$Item@5c671d7f, com.nhnacademy.mart.BuyList$Item@757277dc, com.nhnacademy.mart.BuyList$Item@687e99d8]
2023-09-03 22:09:15,934 [main] INFO c.n.m.Customer [Customer.java:37] - Item[name, count] = [양파, 2]
2023-09-03 22:09:15,934 [main] INFO c.n.m.Customer [Customer.java:37] - Item[name, count] = [계란, 2]
2023-09-03 22:09:15,935 [main] INFO c.n.m.Customer [Customer.java:37] - Item[name, count] = [파, 4]
2023-09-03 22:09:15,935 [main] TRACE c.n.m.Customer [Customer.java:65] - Total Price : 14000
2023-09-03 22:09:15,936 [main] TRACE c.n.m.Counter [Counter.java:11] - 결제 후 잔액 : 6000
2023-09-03 22:10:39,155 [main] INFO c.n.m.BuyList [BuyList.java:29] - Item[name, amount] = [양파, 2]
2023-09-03 22:10:39,157 [main] INFO c.n.m.BuyList [BuyList.java:29] - Item[name, amount] = [계란, 2]
2023-09-03 22:10:39,171 [main] INFO c.n.m.BuyList [BuyList.java:29] - Item[name, amount] = [양파, 2]
2023-09-03 22:10:39,171 [main] INFO c.n.m.BuyList [BuyList.java:29] - Item[name, amount] = [계란, 4]
2023-09-03 22:10:39,171 [main] INFO c.n.m.BuyList [BuyList.java:29] - Item[name, amount] = [파, 9]
2023-09-03 22:10:39,172 [main] INFO c.n.m.Customer [Customer.java:32] - buyList : [com.nhnacademy.mart.BuyList$Item@765f05af, com.nhnacademy.mart.BuyList$Item@62f68dff, com.nhnacademy.mart.BuyList$Item@f001896]
2023-09-03 22:10:39,172 [main] INFO c.n.m.Customer [Customer.java:36] - Item[name, count] = [양파, 2]
2023-09-03 22:10:39,172 [main] INFO c.n.m.Customer [Customer.java:36] - Item[name, count] = [계란, 4]
2023-09-03 22:10:39,172 [main] INFO c.n.m.Customer [Customer.java:36] - Item[name, count] = [파, 9]
2023-09-03 22:16:08,241 [main] INFO c.n.m.BuyList [BuyList.java:29] - Item[name, amount] = [양파, 2]
2023-09-03 22:16:08,243 [main] INFO c.n.m.BuyList [BuyList.java:29] - Item[name, amount] = [계란, 2]
2023-09-03 22:16:08,256 [main] INFO c.n.m.BuyList [BuyList.java:29] - Item[name, amount] = [양파, 2]
2023-09-03 22:16:08,256 [main] INFO c.n.m.BuyList [BuyList.java:29] - Item[name, amount] = [계란, 4]
2023-09-03 22:16:08,257 [main] INFO c.n.m.BuyList [BuyList.java:29] - Item[name, amount] = [파, 9]
2023-09-03 22:16:08,257 [main] INFO c.n.m.Customer [Customer.java:32] - buyList : [com.nhnacademy.mart.BuyList$Item@f001896, com.nhnacademy.mart.BuyList$Item@13f17eb4, com.nhnacademy.mart.BuyList$Item@1d0d6318]
2023-09-03 22:16:08,257 [main] INFO c.n.m.Customer [Customer.java:36] - Item[name, count] = [양파, 2]
2023-09-03 22:16:08,258 [main] INFO c.n.m.Customer [Customer.java:36] - Item[name, count] = [계란, 4]
2023-09-03 22:16:08,258 [main] INFO c.n.m.Customer [Customer.java:36] - Item[name, count] = [파, 9]
2023-09-03 22:17:30,456 [main] INFO c.n.m.BuyList [BuyList.java:29] - Item[name, amount] = [양파, 2]
2023-09-03 22:17:30,458 [main] INFO c.n.m.BuyList [BuyList.java:29] - Item[name, amount] = [계란, 2]
2023-09-03 22:17:30,470 [main] INFO c.n.m.BuyList [BuyList.java:29] - Item[name, amount] = [양파, 2]
2023-09-03 22:17:30,471 [main] INFO c.n.m.BuyList [BuyList.java:29] - Item[name, amount] = [계란, 4]
2023-09-03 22:17:30,471 [main] INFO c.n.m.BuyList [BuyList.java:29] - Item[name, amount] = [파, 9]
2023-09-03 22:17:30,472 [main] INFO c.n.m.Customer [Customer.java:32] - buyList : [com.nhnacademy.mart.BuyList$Item@765f05af, com.nhnacademy.mart.BuyList$Item@62f68dff, com.nhnacademy.mart.BuyList$Item@f001896]
2023-09-03 22:17:30,472 [main] INFO c.n.m.Customer [Customer.java:36] - Item[name, count] = [양파, 2]
2023-09-03 22:17:30,472 [main] INFO c.n.m.Customer [Customer.java:36] - Item[name, count] = [계란, 4]
2023-09-03 22:17:30,472 [main] INFO c.n.m.Customer [Customer.java:36] - Item[name, count] = [파, 9]
2023-09-03 22:24:14,950 [main] INFO c.n.m.BuyList [BuyList.java:29] - Item[name, amount] = [양파, 2]
2023-09-03 22:24:14,952 [main] INFO c.n.m.BuyList [BuyList.java:29] - Item[name, amount] = [계란, 2]
2023-09-03 22:24:14,964 [main] INFO c.n.m.BuyList [BuyList.java:29] - Item[name, amount] = [양파, 2]
2023-09-03 22:24:14,965 [main] INFO c.n.m.BuyList [BuyList.java:29] - Item[name, amount] = [계란, 4]
2023-09-03 22:24:14,965 [main] INFO c.n.m.BuyList [BuyList.java:29] - Item[name, amount] = [파, 9]
2023-09-03 22:24:14,965 [main] INFO c.n.m.Customer [Customer.java:32] - buyList : [com.nhnacademy.mart.BuyList$Item@765f05af, com.nhnacademy.mart.BuyList$Item@62f68dff, com.nhnacademy.mart.BuyList$Item@f001896]
2023-09-03 22:24:14,965 [main] INFO c.n.m.Customer [Customer.java:36] - Item[name, count] = [양파, 2]
2023-09-03 22:24:14,966 [main] INFO c.n.m.Customer [Customer.java:36] - Item[name, count] = [계란, 4]
2023-09-03 22:24:14,966 [main] INFO c.n.m.Customer [Customer.java:36] - Item[name, count] = [파, 9]
2023-09-03 22:29:08,742 [main] INFO c.n.m.BuyList [BuyList.java:29] - Item[name, amount] = [양파, 2]
2023-09-03 22:29:08,744 [main] INFO c.n.m.BuyList [BuyList.java:29] - Item[name, amount] = [계란, 2]
2023-09-03 22:29:08,757 [main] INFO c.n.m.BuyList [BuyList.java:29] - Item[name, amount] = [양파, 2]
2023-09-03 22:29:08,757 [main] INFO c.n.m.BuyList [BuyList.java:29] - Item[name, amount] = [계란, 4]
2023-09-03 22:29:08,757 [main] INFO c.n.m.BuyList [BuyList.java:29] - Item[name, amount] = [파, 9]
2023-09-03 22:29:08,758 [main] INFO c.n.m.Customer [Customer.java:32] - buyList : [com.nhnacademy.mart.BuyList$Item@765f05af, com.nhnacademy.mart.BuyList$Item@62f68dff, com.nhnacademy.mart.BuyList$Item@f001896]
2023-09-03 22:29:08,758 [main] INFO c.n.m.Customer [Customer.java:36] - Item[name, count] = [양파, 2]
2023-09-03 22:29:08,758 [main] INFO c.n.m.Customer [Customer.java:36] - Item[name, count] = [계란, 4]
2023-09-03 22:29:08,758 [main] INFO c.n.m.Customer [Customer.java:36] - Item[name, count] = [파, 9]
2023-09-03 22:29:56,837 [main] INFO c.n.m.BuyList [BuyList.java:29] - Item[name, amount] = [양파, 2]
2023-09-03 22:29:56,838 [main] INFO c.n.m.BuyList [BuyList.java:29] - Item[name, amount] = [계란, 2]
2023-09-03 22:29:56,851 [main] INFO c.n.m.BuyList [BuyList.java:29] - Item[name, amount] = [양파, 2]
2023-09-03 22:29:56,852 [main] INFO c.n.m.BuyList [BuyList.java:29] - Item[name, amount] = [계란, 4]
2023-09-03 22:29:56,852 [main] INFO c.n.m.BuyList [BuyList.java:29] - Item[name, amount] = [파, 9]
2023-09-03 22:29:56,852 [main] INFO c.n.m.Customer [Customer.java:32] - buyList : [com.nhnacademy.mart.BuyList$Item@765f05af, com.nhnacademy.mart.BuyList$Item@62f68dff, com.nhnacademy.mart.BuyList$Item@f001896]
2023-09-03 22:29:56,852 [main] INFO c.n.m.Customer [Customer.java:36] - Item[name, count] = [양파, 2]
2023-09-03 22:29:56,853 [main] INFO c.n.m.Customer [Customer.java:36] - Item[name, count] = [계란, 4]
2023-09-03 22:29:56,853 [main] INFO c.n.m.Customer [Customer.java:36] - Item[name, count] = [파, 9]
2023-09-03 22:30:25,139 [main] INFO c.n.m.BuyList [BuyList.java:29] - Item[name, amount] = [양파, 2]
2023-09-03 22:30:25,141 [main] INFO c.n.m.BuyList [BuyList.java:29] - Item[name, amount] = [계란, 2]
2023-09-03 22:30:25,154 [main] INFO c.n.m.BuyList [BuyList.java:29] - Item[name, amount] = [양파, 2]
2023-09-03 22:30:25,155 [main] INFO c.n.m.BuyList [BuyList.java:29] - Item[name, amount] = [계란, 4]
2023-09-03 22:30:25,155 [main] INFO c.n.m.BuyList [BuyList.java:29] - Item[name, amount] = [파, 9]
2023-09-03 22:30:25,156 [main] INFO c.n.m.Customer [Customer.java:32] - buyList : [com.nhnacademy.mart.BuyList$Item@765f05af, com.nhnacademy.mart.BuyList$Item@62f68dff, com.nhnacademy.mart.BuyList$Item@f001896]
2023-09-03 22:30:25,156 [main] INFO c.n.m.Customer [Customer.java:36] - Item[name, count] = [양파, 2]
2023-09-03 22:30:25,157 [main] INFO c.n.m.Customer [Customer.java:36] - Item[name, count] = [계란, 4]
2023-09-03 22:30:25,157 [main] INFO c.n.m.Customer [Customer.java:36] - Item[name, count] = [파, 9]
